Arguments: 
  /usr/bin/node /home/douglas/.yarn/bin/yarn.js add sucrase -D

PATH: 
  /home/douglas/.yarn/bin:/home/douglas/.config/yarn/global/node_modules/.bin:/home/douglas/snap/androidNDK/androidNDK:/home/douglas/snap/cocos2d-x-3.17.1/templates:/home/douglas/snap:/home/douglas/snap/cocos2d-x-3.17.1/tools/cocos2d-console/bin:/home/douglas/.local/bin:/home/douglas/.rvm/gems/ruby-2.6.0/bin:/home/douglas/.rvm/gems/ruby-2.6.0@global/bin:/usr/share/rvm/rubies/ruby-2.6.0/bin:/usr/local/sbin:/usr/local/bin:/usr/sbin:/usr/bin:/sbin:/bin:/usr/games:/usr/local/games:/snap/bin:/usr/share/rvm/bin:/home/douglas/Android/sdk-tools-linux/tools:/home/douglas/Android/sdk-tools-linux/platform-tools

Yarn version: 
  1.15.2

Node version: 
  10.16.3

Platform: 
  linux x64

Trace: 
  Error: https://registry.yarnpkg.com/sucrase: ETIMEDOUT
      at Timeout._onTimeout (/home/douglas/.yarn/lib/cli.js:130201:19)
      at ontimeout (timers.js:436:11)
      at tryOnTimeout (timers.js:300:5)
      at listOnTimeout (timers.js:263:5)
      at Timer.processTimers (timers.js:223:10)

npm manifest: 
  {
    "name": "Meetapp",
    "version": "1.0.0",
    "main": "index.js",
    "repository": "git@github.com:dougto/Meetapp.git",
    "author": "Douglas Toledo <douglas22toledo@gmail.com>",
    "license": "MIT",
    "dependencies": {}
  }

yarn manifest: 
  No manifest

Lockfile: 
  # THIS IS AN AUTOGENERATED FILE. DO NOT EDIT THIS FILE DIRECTLY.
  # yarn lockfile v1
